CRITICAL - 2020-07-07 19:37:27 --> No connection could be made because the target machine actively refused it.

#0 C:\xampp\htdocs\CI4\system\Database\BaseConnection.php(377): CodeIgniter\Database\MySQLi\Connection->connect(false)
#1 C:\xampp\htdocs\CI4\system\Database\BaseConnection.php(643): CodeIgniter\Database\BaseConnection->initialize()
#2 C:\xampp\htdocs\CI4\system\Database\BaseBuilder.php(1845): CodeIgniter\Database\BaseConnection->query('SELECT *\nFROM `...', Array, false)
#3 C:\xampp\htdocs\CI4\app\Models\M_user.php(10): CodeIgniter\Database\BaseBuilder->get()
#4 C:\xampp\htdocs\CI4\app\Controllers\Login.php(18): App\Models\M_user->get_data('Wahyu@gmail.com', 'zxc')
#5 C:\xampp\htdocs\CI4\system\CodeIgniter.php(914): App\Controllers\Login->login_action()
#6 C:\xampp\htdocs\CI4\system\CodeIgniter.php(400): CodeIgniter\CodeIgniter->runController(Object(App\Controllers\Login))
#7 C:\xampp\htdocs\CI4\system\CodeIgniter.php(308): CodeIgniter\CodeIgniter->handleRequest(NULL, Object(Config\Cache), false)
#8 C:\xampp\htdocs\CI4\public\index.php(45): CodeIgniter\CodeIgniter->run()
#9 C:\xampp\htdocs\CI4\system\Commands\Server\rewrite.php(34): require_once('C:\\xampp\\htdocs...')
#10 {main}
CRITICAL - 2020-07-07 19:37:43 --> No connection could be made because the target machine actively refused it.

#0 C:\xampp\htdocs\CI4\system\Database\BaseConnection.php(377): CodeIgniter\Database\MySQLi\Connection->connect(false)
#1 C:\xampp\htdocs\CI4\system\Database\BaseConnection.php(643): CodeIgniter\Database\BaseConnection->initialize()
#2 C:\xampp\htdocs\CI4\system\Database\BaseBuilder.php(1845): CodeIgniter\Database\BaseConnection->query('SELECT *\nFROM `...', Array, false)
#3 C:\xampp\htdocs\CI4\app\Models\M_user.php(10): CodeIgniter\Database\BaseBuilder->get()
#4 C:\xampp\htdocs\CI4\app\Controllers\Login.php(18): App\Models\M_user->get_data('Wahyu@gmail.com', 'jkl')
#5 C:\xampp\htdocs\CI4\system\CodeIgniter.php(914): App\Controllers\Login->login_action()
#6 C:\xampp\htdocs\CI4\system\CodeIgniter.php(400): CodeIgniter\CodeIgniter->runController(Object(App\Controllers\Login))
#7 C:\xampp\htdocs\CI4\system\CodeIgniter.php(308): CodeIgniter\CodeIgniter->handleRequest(NULL, Object(Config\Cache), false)
#8 C:\xampp\htdocs\CI4\public\index.php(45): CodeIgniter\CodeIgniter->run()
#9 C:\xampp\htdocs\CI4\system\Commands\Server\rewrite.php(34): require_once('C:\\xampp\\htdocs...')
#10 {main}
CRITICAL - 2020-07-07 19:39:37 --> No connection could be made because the target machine actively refused it.

#0 C:\xampp\htdocs\CI4\system\Database\BaseConnection.php(377): CodeIgniter\Database\MySQLi\Connection->connect(false)
#1 C:\xampp\htdocs\CI4\system\Database\BaseConnection.php(643): CodeIgniter\Database\BaseConnection->initialize()
#2 C:\xampp\htdocs\CI4\system\Database\BaseBuilder.php(1845): CodeIgniter\Database\BaseConnection->query('SELECT *\nFROM `...', Array, false)
#3 C:\xampp\htdocs\CI4\app\Models\M_user.php(10): CodeIgniter\Database\BaseBuilder->get()
#4 C:\xampp\htdocs\CI4\app\Controllers\Login.php(18): App\Models\M_user->get_data('Wahyu@gmail.com', 'jkl')
#5 C:\xampp\htdocs\CI4\system\CodeIgniter.php(914): App\Controllers\Login->login_action()
#6 C:\xampp\htdocs\CI4\system\CodeIgniter.php(400): CodeIgniter\CodeIgniter->runController(Object(App\Controllers\Login))
#7 C:\xampp\htdocs\CI4\system\CodeIgniter.php(308): CodeIgniter\CodeIgniter->handleRequest(NULL, Object(Config\Cache), false)
#8 C:\xampp\htdocs\CI4\public\index.php(45): CodeIgniter\CodeIgniter->run()
#9 C:\xampp\htdocs\CI4\system\Commands\Server\rewrite.php(34): require_once('C:\\xampp\\htdocs...')
#10 {main}
CRITICAL - 2020-07-07 19:40:51 --> No connection could be made because the target machine actively refused it.

#0 C:\xampp\htdocs\CI4\system\Database\BaseConnection.php(377): CodeIgniter\Database\MySQLi\Connection->connect(false)
#1 C:\xampp\htdocs\CI4\system\Database\BaseConnection.php(643): CodeIgniter\Database\BaseConnection->initialize()
#2 C:\xampp\htdocs\CI4\system\Database\BaseBuilder.php(1845): CodeIgniter\Database\BaseConnection->query('SELECT *\nFROM `...', Array, false)
#3 C:\xampp\htdocs\CI4\app\Models\M_user.php(10): CodeIgniter\Database\BaseBuilder->get()
#4 C:\xampp\htdocs\CI4\app\Controllers\Login.php(18): App\Models\M_user->get_data('Wahyu@gmail.com', 'jkl')
#5 C:\xampp\htdocs\CI4\system\CodeIgniter.php(914): App\Controllers\Login->login_action()
#6 C:\xampp\htdocs\CI4\system\CodeIgniter.php(400): CodeIgniter\CodeIgniter->runController(Object(App\Controllers\Login))
#7 C:\xampp\htdocs\CI4\system\CodeIgniter.php(308): CodeIgniter\CodeIgniter->handleRequest(NULL, Object(Config\Cache), false)
#8 C:\xampp\htdocs\CI4\public\index.php(45): CodeIgniter\CodeIgniter->run()
#9 C:\xampp\htdocs\CI4\system\Commands\Server\rewrite.php(34): require_once('C:\\xampp\\htdocs...')
#10 {main}
CRITICAL - 2020-07-07 19:41:01 --> No connection could be made because the target machine actively refused it.

#0 C:\xampp\htdocs\CI4\system\Database\BaseConnection.php(377): CodeIgniter\Database\MySQLi\Connection->connect(false)
#1 C:\xampp\htdocs\CI4\system\Database\BaseConnection.php(643): CodeIgniter\Database\BaseConnection->initialize()
#2 C:\xampp\htdocs\CI4\system\Database\BaseBuilder.php(1845): CodeIgniter\Database\BaseConnection->query('SELECT *\nFROM `...', Array, false)
#3 C:\xampp\htdocs\CI4\app\Models\M_user.php(10): CodeIgniter\Database\BaseBuilder->get()
#4 C:\xampp\htdocs\CI4\app\Controllers\Login.php(18): App\Models\M_user->get_data(NULL, NULL)
#5 C:\xampp\htdocs\CI4\system\CodeIgniter.php(914): App\Controllers\Login->login_action()
#6 C:\xampp\htdocs\CI4\system\CodeIgniter.php(400): CodeIgniter\CodeIgniter->runController(Object(App\Controllers\Login))
#7 C:\xampp\htdocs\CI4\system\CodeIgniter.php(308): CodeIgniter\CodeIgniter->handleRequest(NULL, Object(Config\Cache), false)
#8 C:\xampp\htdocs\CI4\public\index.php(45): CodeIgniter\CodeIgniter->run()
#9 C:\xampp\htdocs\CI4\system\Commands\Server\rewrite.php(34): require_once('C:\\xampp\\htdocs...')
#10 {main}
CRITICAL - 2020-07-07 19:41:06 --> No connection could be made because the target machine actively refused it.

#0 C:\xampp\htdocs\CI4\system\Database\BaseConnection.php(377): CodeIgniter\Database\MySQLi\Connection->connect(false)
#1 C:\xampp\htdocs\CI4\system\Database\BaseConnection.php(643): CodeIgniter\Database\BaseConnection->initialize()
#2 C:\xampp\htdocs\CI4\system\Database\BaseBuilder.php(1845): CodeIgniter\Database\BaseConnection->query('SELECT *\nFROM `...', Array, false)
#3 C:\xampp\htdocs\CI4\app\Models\M_user.php(10): CodeIgniter\Database\BaseBuilder->get()
#4 C:\xampp\htdocs\CI4\app\Controllers\Login.php(18): App\Models\M_user->get_data(NULL, NULL)
#5 C:\xampp\htdocs\CI4\system\CodeIgniter.php(914): App\Controllers\Login->login_action()
#6 C:\xampp\htdocs\CI4\system\CodeIgniter.php(400): CodeIgniter\CodeIgniter->runController(Object(App\Controllers\Login))
#7 C:\xampp\htdocs\CI4\system\CodeIgniter.php(308): CodeIgniter\CodeIgniter->handleRequest(NULL, Object(Config\Cache), false)
#8 C:\xampp\htdocs\CI4\public\index.php(45): CodeIgniter\CodeIgniter->run()
#9 C:\xampp\htdocs\CI4\system\Commands\Server\rewrite.php(34): require_once('C:\\xampp\\htdocs...')
#10 {main}
CRITICAL - 2020-07-07 19:41:21 --> No connection could be made because the target machine actively refused it.

#0 C:\xampp\htdocs\CI4\system\Database\BaseConnection.php(377): CodeIgniter\Database\MySQLi\Connection->connect(false)
#1 C:\xampp\htdocs\CI4\system\Database\BaseConnection.php(643): CodeIgniter\Database\BaseConnection->initialize()
#2 C:\xampp\htdocs\CI4\system\Database\BaseBuilder.php(1845): CodeIgniter\Database\BaseConnection->query('SELECT *\nFROM `...', Array, false)
#3 C:\xampp\htdocs\CI4\app\Models\M_user.php(10): CodeIgniter\Database\BaseBuilder->get()
#4 C:\xampp\htdocs\CI4\app\Controllers\Login.php(18): App\Models\M_user->get_data('Wahyu@gmail.com', 'jkl')
#5 C:\xampp\htdocs\CI4\system\CodeIgniter.php(914): App\Controllers\Login->login_action()
#6 C:\xampp\htdocs\CI4\system\CodeIgniter.php(400): CodeIgniter\CodeIgniter->runController(Object(App\Controllers\Login))
#7 C:\xampp\htdocs\CI4\system\CodeIgniter.php(308): CodeIgniter\CodeIgniter->handleRequest(NULL, Object(Config\Cache), false)
#8 C:\xampp\htdocs\CI4\public\index.php(45): CodeIgniter\CodeIgniter->run()
#9 C:\xampp\htdocs\CI4\system\Commands\Server\rewrite.php(34): require_once('C:\\xampp\\htdocs...')
#10 {main}
CRITICAL - 2020-07-07 19:54:03 --> syntax error, unexpected 'session' (T_STRING)
#0 C:\xampp\htdocs\CI4\system\Router\Router.php(192): CodeIgniter\Router\Router->autoRoute('login')
#1 C:\xampp\htdocs\CI4\system\CodeIgniter.php(789): CodeIgniter\Router\Router->handle('login')
#2 C:\xampp\htdocs\CI4\system\CodeIgniter.php(360): CodeIgniter\CodeIgniter->tryToRouteIt(Object(CodeIgniter\Router\RouteCollection))
#3 C:\xampp\htdocs\CI4\system\CodeIgniter.php(308): CodeIgniter\CodeIgniter->handleRequest(NULL, Object(Config\Cache), false)
#4 C:\xampp\htdocs\CI4\public\index.php(45): CodeIgniter\CodeIgniter->run()
#5 C:\xampp\htdocs\CI4\system\Commands\Server\rewrite.php(34): require_once('C:\\xampp\\htdocs...')
#6 {main}
